<?xml version='1.0'?>
<ns2:test-suite xmlns:ns2='urn:model.allure.qatools.yandex.ru' start='1667460929588' stop='1667460933484'>
    <name>My Login application</name>
    <title>My Login application</title>
    <test-cases>
        <test-case start='1667460929589' status='pending' stop='1667460929589'>
            <name>test</name>
            <title>test</title>
            <labels/>
            <parameters/>
            <steps/>
            <attachments/>
            <failure>
                <message>Test ignored</message>
                <stack-trace>undefined</stack-trace>
            </failure>
        </test-case>
        <test-case start='1667460929590' status='broken' stop='1667460933483'>
            <name>check Voice API product</name>
            <title>check Voice API product</title>
            <labels>
                <label name='language' value='javascript'/>
                <label name='framework' value='wdio'/>
                <label name='thread' value='0-0'/>
            </labels>
            <parameters>
                <parameter kind='argument' name='browser' value='chrome-107.0.5304.87'/>
            </parameters>
            <steps>
                <step start='1667460929594' status='passed' stop='1667460933021'>
                    <name>POST /session/:sessionId/url</name>
                    <title>POST /session/:sessionId/url</title>
                    <attachments>
                        <attachment title='Request' source='cbeb9314-0099-4ccb-b3a6-dcb4fbc81d3d-attachment.json' type='application/json' size='34'/>
                    </attachments>
                    <steps/>
                </step>
                <step start='1667460933023' status='passed' stop='1667460933479'>
                    <name>GET /session/:sessionId/screenshot</name>
                    <title>GET /session/:sessionId/screenshot</title>
                    <attachments>
                        <attachment title='Screenshot' source='9425dca0-60ac-4836-8500-6acc1f6c3441-attachment.png' type='image/png' size='224279'/>
                    </attachments>
                    <steps/>
                </step>
            </steps>
            <attachments/>
            <failure>
                <message>MainPage.buttonCloseModal.isDisplayed is not a function</message>
                <stack-trace>TypeError: MainPage.buttonCloseModal.isDisplayed is not a function
                    at Context.&lt;anonymous> (/home/cryzalis/study_portfolio/wdio-docker/test/specs/products.e2e.js:10:38)
                    at processTicksAndRejections (node:internal/process/task_queues:96:5)</stack-trace>
            </failure>
        </test-case>
    </test-cases>
</ns2:test-suite>