<?xml version='1.0'?>
<ns2:test-suite xmlns:ns2='urn:model.allure.qatools.yandex.ru' start='1667464174305' stop='1667464176426'>
    <name>Telnyx product journey</name>
    <title>Telnyx product journey</title>
    <test-cases>
        <test-case start='1667464174306' status='pending' stop='1667464174306'>
            <name>check Voice API product</name>
            <title>check Voice API product</title>
            <labels/>
            <parameters/>
            <steps/>
            <attachments/>
            <failure>
                <message>Test ignored</message>
                <stack-trace>undefined</stack-trace>
            </failure>
        </test-case>
        <test-case start='1667464174306' status='broken' stop='1667464176425'>
            <name>"before each" hook for Telnyx product journey</name>
            <title>"before each" hook for Telnyx product journey</title>
            <labels>
                <label name='language' value='javascript'/>
                <label name='framework' value='wdio'/>
                <label name='thread' value='0-0'/>
                <label name='language' value='javascript'/>
                <label name='framework' value='wdio'/>
                <label name='thread' value='0-0'/>
            </labels>
            <parameters>
                <parameter kind='argument' name='browser' value='chrome-107.0.5304.87'/>
                <parameter kind='argument' name='browser' value='chrome-107.0.5304.87'/>
            </parameters>
            <steps>
                <step start='1667464174309' status='broken' stop='1667464176425'>
                    <name>POST /session/:sessionId/url</name>
                    <title>POST /session/:sessionId/url</title>
                    <attachments>
                        <attachment title='Request' source='40e31c7e-0eed-4cde-9834-02ebf6b0c36d-attachment.json' type='application/json' size='34'/>
                    </attachments>
                    <steps/>
                </step>
            </steps>
            <attachments/>
            <failure>
                <message>unknown error: net::ERR_NAME_NOT_RESOLVED
                  (Session info: chrome=107.0.5304.87)</message>
                <stack-trace>unknown error: unknown error: net::ERR_NAME_NOT_RESOLVED
                  (Session info: chrome=107.0.5304.87)
                    at processTicksAndRejections (node:internal/process/task_queues:96:5)
                    at async Context.&lt;anonymous> (/home/cryzalis/study_portfolio/wdio-docker/test/specs/products.e2e.js:7:9)</stack-trace>
            </failure>
        </test-case>
    </test-cases>
</ns2:test-suite>