<?xml version='1.0'?>
<ns2:test-suite xmlns:ns2='urn:model.allure.qatools.yandex.ru' start='1667460957798' stop='1667460961557'>
    <name>My Login application</name>
    <title>My Login application</title>
    <test-cases>
        <test-case start='1667460957799' status='pending' stop='1667460957799'>
            <name>test</name>
            <title>test</title>
            <labels/>
            <parameters/>
            <steps/>
            <attachments/>
            <failure>
                <message>Test ignored</message>
                <stack-trace>undefined</stack-trace>
            </failure>
        </test-case>
        <test-case start='1667460957800' status='broken' stop='1667460961555'>
            <name>check Voice API product</name>
            <title>check Voice API product</title>
            <labels>
                <label name='language' value='javascript'/>
                <label name='framework' value='wdio'/>
                <label name='thread' value='0-0'/>
            </labels>
            <parameters>
                <parameter kind='argument' name='browser' value='chrome-107.0.5304.87'/>
            </parameters>
            <steps>
                <step start='1667460957803' status='passed' stop='1667460961230'>
                    <name>POST /session/:sessionId/url</name>
                    <title>POST /session/:sessionId/url</title>
                    <attachments>
                        <attachment title='Request' source='521b72f9-b130-4c7c-ad7a-bf35f8e541b0-attachment.json' type='application/json' size='34'/>
                    </attachments>
                    <steps/>
                </step>
                <step start='1667460961231' status='passed' stop='1667460961552'>
                    <name>GET /session/:sessionId/screenshot</name>
                    <title>GET /session/:sessionId/screenshot</title>
                    <attachments>
                        <attachment title='Screenshot' source='9080506a-3486-4237-b616-3e65bf45ec6f-attachment.png' type='image/png' size='224294'/>
                    </attachments>
                    <steps/>
                </step>
            </steps>
            <attachments/>
            <failure>
                <message>MainPage.buttonCloseModal.isDisplayed is not a function</message>
                <stack-trace>TypeError: MainPage.buttonCloseModal.isDisplayed is not a function
                    at Context.&lt;anonymous> (/home/cryzalis/study_portfolio/wdio-docker/test/specs/products.e2e.js:10:38)
                    at processTicksAndRejections (node:internal/process/task_queues:96:5)</stack-trace>
            </failure>
        </test-case>
    </test-cases>
</ns2:test-suite>