<?xml version='1.0'?>
<ns2:test-suite xmlns:ns2='urn:model.allure.qatools.yandex.ru' start='1667462243555' stop='1667462246942'>
    <name>My Login application</name>
    <title>My Login application</title>
    <test-cases>
        <test-case start='1667462243555' status='pending' stop='1667462243556'>
            <name>test</name>
            <title>test</title>
            <labels/>
            <parameters/>
            <steps/>
            <attachments/>
            <failure>
                <message>Test ignored</message>
                <stack-trace>undefined</stack-trace>
            </failure>
        </test-case>
        <test-case start='1667462243556' status='broken' stop='1667462246941'>
            <name>check Voice API product</name>
            <title>check Voice API product</title>
            <labels>
                <label name='language' value='javascript'/>
                <label name='framework' value='wdio'/>
                <label name='thread' value='0-0'/>
            </labels>
            <parameters>
                <parameter kind='argument' name='browser' value='chrome-107.0.5304.87'/>
            </parameters>
            <steps>
                <step start='1667462243559' status='passed' stop='1667462246630'>
                    <name>POST /session/:sessionId/url</name>
                    <title>POST /session/:sessionId/url</title>
                    <attachments>
                        <attachment title='Request' source='78d01fd1-a198-4b3c-8b46-bb9a907547a0-attachment.json' type='application/json' size='34'/>
                    </attachments>
                    <steps/>
                </step>
                <step start='1667462246631' status='passed' stop='1667462246940'>
                    <name>GET /session/:sessionId/screenshot</name>
                    <title>GET /session/:sessionId/screenshot</title>
                    <attachments>
                        <attachment title='Screenshot' source='925cfff8-10df-4a04-a26c-9ecf22bc1162-attachment.png' type='image/png' size='224285'/>
                    </attachments>
                    <steps/>
                </step>
            </steps>
            <attachments/>
            <failure>
                <message>Cannot read properties of undefined (reading 'isDisplayed')</message>
                <stack-trace>TypeError: Cannot read properties of undefined (reading 'isDisplayed')
                    at Context.&lt;anonymous> (/home/cryzalis/study_portfolio/wdio-docker/test/specs/products.e2e.js:11:34)
                    at processTicksAndRejections (node:internal/process/task_queues:96:5)</stack-trace>
            </failure>
        </test-case>
    </test-cases>
</ns2:test-suite>