<?xml version='1.0'?>
<ns2:test-suite xmlns:ns2='urn:model.allure.qatools.yandex.ru' start='1667462171223' stop='1667462174019'>
    <name>My Login application</name>
    <title>My Login application</title>
    <test-cases>
        <test-case start='1667462171224' status='pending' stop='1667462171224'>
            <name>test</name>
            <title>test</title>
            <labels/>
            <parameters/>
            <steps/>
            <attachments/>
            <failure>
                <message>Test ignored</message>
                <stack-trace>undefined</stack-trace>
            </failure>
        </test-case>
        <test-case start='1667462171225' status='broken' stop='1667462174018'>
            <name>check Voice API product</name>
            <title>check Voice API product</title>
            <labels>
                <label name='language' value='javascript'/>
                <label name='framework' value='wdio'/>
                <label name='thread' value='0-0'/>
            </labels>
            <parameters>
                <parameter kind='argument' name='browser' value='chrome-107.0.5304.87'/>
            </parameters>
            <steps>
                <step start='1667462171229' status='passed' stop='1667462173681'>
                    <name>POST /session/:sessionId/url</name>
                    <title>POST /session/:sessionId/url</title>
                    <attachments>
                        <attachment title='Request' source='03a9001e-452e-463f-8a00-78acbaf46a3f-attachment.json' type='application/json' size='34'/>
                    </attachments>
                    <steps/>
                </step>
                <step start='1667462173683' status='passed' stop='1667462174016'>
                    <name>GET /session/:sessionId/screenshot</name>
                    <title>GET /session/:sessionId/screenshot</title>
                    <attachments>
                        <attachment title='Screenshot' source='1ea92d7e-1169-4695-a850-c054ae25182e-attachment.png' type='image/png' size='224279'/>
                    </attachments>
                    <steps/>
                </step>
            </steps>
            <attachments/>
            <failure>
                <message>MainPage.buttonCloseModal.isDisplayed is not a function</message>
                <stack-trace>TypeError: MainPage.buttonCloseModal.isDisplayed is not a function
                    at Context.&lt;anonymous> (/home/cryzalis/study_portfolio/wdio-docker/test/specs/products.e2e.js:11:38)
                    at processTicksAndRejections (node:internal/process/task_queues:96:5)</stack-trace>
            </failure>
        </test-case>
    </test-cases>
</ns2:test-suite>